Add your message links from the point you wish to start from or leave it blank.
https://t.me/Galaxy_leak/3689
https://t.me/hakush_in/748
2025-10-24 03:58:41 Bot working for hakush_in. Time passed: 1:46:27.442325
2025-10-24 04:04:08 Bot working for hakush_in. Time passed: 1:51:54.581025
2025-10-24 04:04:08 Bot working for Galaxy_leak. Time passed: 1:51:54.725989
2025-10-24 04:09:10 Bot working for hakush_in. Time passed: 1:56:56.618513
2025-10-24 04:09:10 Bot working for Galaxy_leak. Time passed: 1:56:56.767631
2025-10-24 04:14:11 Bot working for hakush_in. Time passed: 2:01:57.717213
2025-10-24 04:14:17 Bot working for Galaxy_leak. Time passed: 2:02:03.725535
2025-10-24 04:19:12 Bot working for hakush_in. Time passed: 2:06:58.517385
2025-10-24 04:19:18 Bot working for Galaxy_leak. Time passed: 2:07:04.641676
2025-10-24 04:24:13 Bot working for hakush_in. Time passed: 2:11:59.569835
2025-10-24 04:24:19 Bot working for Galaxy_leak. Time passed: 2:12:05.486891
2025-10-24 04:29:23 Bot working for Galaxy_leak. Time passed: 2:17:09.750508
2025-10-24 04:29:26 Bot working for hakush_in. Time passed: 2:17:12.730234
2025-10-24 04:34:25 Bot working for Galaxy_leak. Time passed: 2:22:11.030260
2025-10-24 04:34:27 Bot working for hakush_in. Time passed: 2:22:13.430442
2025-10-24 04:39:26 Bot working for Galaxy_leak. Time passed: 2:27:12.145708
2025-10-24 04:39:28 Bot working for hakush_in. Time passed: 2:27:14.132650
2025-10-24 04:44:27 Bot working for Galaxy_leak. Time passed: 2:32:13.418173
2025-10-24 04:44:29 Bot working for hakush_in. Time passed: 2:32:15.120908
2025-10-24 04:49:28 Bot working for Galaxy_leak. Time passed: 2:37:14.626018
2025-10-24 04:54:29 Bot working for Galaxy_leak. Time passed: 2:42:15.693371
2025-10-24 04:59:30 Bot working for Galaxy_leak. Time passed: 2:47:16.763096
https://t.me/hakush_in/746
https://t.me/Galaxy_leak/3688
2025-10-24 06:16:07 Bot working for hakush_in. Time passed: 0:00:00.761031
2025-10-24 06:16:07 Bot working for Galaxy_leak. Time passed: 0:00:00.923290
2025-10-24 06:21:10 Bot working for hakush_in. Time passed: 0:05:03.855406
2025-10-24 06:21:10 Bot working for Galaxy_leak. Time passed: 0:05:04.010591
2025-10-24 06:26:11 Bot working for hakush_in. Time passed: 0:10:04.673965
2025-10-24 06:26:11 Bot working for Galaxy_leak. Time passed: 0:10:04.937723
2025-10-24 06:31:13 Bot working for hakush_in. Time passed: 0:15:06.741443
2025-10-24 06:31:15 Bot working for Galaxy_leak. Time passed: 0:15:08.342990
2025-10-24 06:36:14 Bot working for hakush_in. Time passed: 0:20:07.461397
2025-10-24 06:36:16 Bot working for Galaxy_leak. Time passed: 0:20:09.229439
2025-10-24 06:41:14 Bot working for hakush_in. Time passed: 0:25:08.209590
2025-10-24 06:41:17 Bot working for Galaxy_leak. Time passed: 0:25:10.610476
2025-10-24 06:46:15 Bot working for hakush_in. Time passed: 0:30:08.994225
2025-10-24 06:46:18 Bot working for Galaxy_leak. Time passed: 0:30:11.820547
2025-10-24 06:51:17 Bot working for hakush_in. Time passed: 0:35:10.278129
2025-10-24 06:51:21 Bot working for Galaxy_leak. Time passed: 0:35:14.292543
2025-10-24 06:56:17 Bot working for hakush_in. Time passed: 0:40:11.034603
2025-10-24 06:56:22 Bot working for Galaxy_leak. Time passed: 0:40:15.136821
2025-10-24 07:01:22 Bot working for hakush_in. Time passed: 0:45:15.807006
2025-10-24 07:01:28 Bot working for Galaxy_leak. Time passed: 0:45:21.700745
2025-10-24 07:06:25 Bot working for hakush_in. Time passed: 0:50:18.293801
2025-10-24 07:06:31 Bot working for Galaxy_leak. Time passed: 0:50:24.092231
2025-10-24 07:11:29 Bot working for hakush_in. Time passed: 0:55:22.710504
2025-10-24 07:11:41 Bot working for Galaxy_leak. Time passed: 0:55:34.646043
2025-10-24 07:16:31 Bot working for hakush_in. Time passed: 1:00:24.512578
2025-10-24 07:16:42 Bot working for Galaxy_leak. Time passed: 1:00:35.543568
2025-10-24 07:21:42 Bot working for hakush_in. Time passed: 1:05:35.886217
2025-10-24 07:21:47 Bot working for Galaxy_leak. Time passed: 1:05:41.021272
2025-10-24 07:26:43 Bot working for hakush_in. Time passed: 1:10:36.615892
2025-10-24 07:26:49 Bot working for Galaxy_leak. Time passed: 1:10:42.235347
2025-10-24 07:31:47 Bot working for hakush_in. Time passed: 1:15:40.708478
2025-10-24 07:31:54 Bot working for Galaxy_leak. Time passed: 1:15:47.531396
2025-10-24 07:36:48 Bot working for hakush_in. Time passed: 1:20:41.699832
2025-10-24 07:36:55 Bot working for Galaxy_leak. Time passed: 1:20:48.629975
2025-10-24 07:41:49 Bot working for hakush_in. Time passed: 1:25:42.781687
2025-10-24 07:41:56 Bot working for Galaxy_leak. Time passed: 1:25:49.688544
2025-10-24 07:46:50 Bot working for hakush_in. Time passed: 1:30:43.846372
2025-10-24 07:46:57 Bot working for Galaxy_leak. Time passed: 1:30:50.864648
2025-10-24 07:51:52 Bot working for hakush_in. Time passed: 1:35:45.426134
2025-10-24 07:51:58 Bot working for Galaxy_leak. Time passed: 1:35:52.025556
2025-10-24 07:56:53 Bot working for hakush_in. Time passed: 1:40:46.394158
2025-10-24 07:57:00 Bot working for Galaxy_leak. Time passed: 1:40:53.113603
